<?xml version="1.0" encoding="UTF-8"?>
<!-- Generated by org.testng.reporters.JUnitReportReporter -->
<testsuite hostname="DESKTOP-OA3ENQ8" failures="0" tests="3" name="ios.TestAppAndroid" time="8.517" errors="0" timestamp="2021-05-27T11:46:06 ICT" skipped="0">
  <testcase classname="ios.TestAppAndroid" name="addTest" time="4.304"/>
  <system-out/>
  <testcase classname="ios.TestAppAndroid" name="mulTest" time="4.212"/>
  <system-out/>
  <testcase classname="ios.TestAppAndroid" name="x" time="0.001"/>
  <system-out/>
</testsuite> <!-- ios.TestAppAndroid -->
